2017-06-30 10:16:47 [127.0.0.1][-][-][error][yii\base\ErrorException:1] exception 'yii\base\ErrorException' with message 'Call to a member function editCategory() on a non-object' in D:\wamp\www\yiicms\modules\admin\controllers\CategoryController.php:45
Stack trace:
#0 [internal function]: yii\base\ErrorHandler->handleFatalError()
#1 {main}
2017-06-30 10:16:47 [127.0.0.1][-][-][info][application] $_GET = [
    'r' => 'admin/category/edit'
]

$_POST = [
    '_csrf' => 'SDYudWMxcjQwUmI4VXo5Xx90cTEBYj5hfRtUGgcBAl8FBRcWFH09UQ=='
    'Category' => [
        'name' => 'Linux'
        'parent_id' => '0'
        'introduction' => ''
    ]
]

$_COOKIE = [
    '_csrf' => '6e1b2dea274c72d46a3b8da68cbfea937fa1f4cba36f8d8f700231c0e5c96e4da:2:{i:0;s:5:\"_csrf\";i:1;s:32:\"xdLM6KKkWB_DbSLU5-zod0pkM39cwLOe\";}'
    'PHPSESSID' => 'gk7l7vvqc37e6qs89hn7jfts75'
]

$_SERVER = [
    'HTTP_HOST' => 'yiicms.xiaoming.com'
    'HTTP_USER_AGENT' => 'Mozilla/5.0 (Windows NT 6.3; WOW64; rv:54.0) Gecko/20100101 Firefox/54.0'
    'HTTP_ACCEPT' => 'text/html,application/xhtml+xml,application/xml;q=0.9,*/*;q=0.8'
    'HTTP_ACCEPT_LANGUAGE' => 'zh-CN,zh;q=0.8,en-US;q=0.5,en;q=0.3'
    'HTTP_ACCEPT_ENCODING' => 'gzip, deflate'
    'CONTENT_TYPE' => 'multipart/form-data; boundary=---------------------------91343157525774'
    'CONTENT_LENGTH' => '529'
    'HTTP_REFERER' => 'http://yiicms.xiaoming.com/index.php?r=admin%2Fcategory%2Fedit&id=5'
    'HTTP_COOKIE' => '_csrf=6e1b2dea274c72d46a3b8da68cbfea937fa1f4cba36f8d8f700231c0e5c96e4da%3A2%3A%7Bi%3A0%3Bs%3A5%3A%22_csrf%22%3Bi%3A1%3Bs%3A32%3A%22xdLM6KKkWB_DbSLU5-zod0pkM39cwLOe%22%3B%7D; PHPSESSID=gk7l7vvqc37e6qs89hn7jfts75'
    'HTTP_CONNECTION' => 'keep-alive'
    'HTTP_UPGRADE_INSECURE_REQUESTS' => '1'
    'PATH' => 'C:\\Windows\\system32;C:\\Windows;C:\\Windows\\System32\\Wbem;C:\\Windows\\System32\\WindowsPowerShell\\v1.0\\;D:\\svnServer\\server\\bin;D:\\PhoneGap\\adt\\sdk\\tools;D:\\PhoneGap\\adt\\sdk\\platform-tools;D:\\PhoneGap\\adt\\eclipse\\plugins\\org.apache.ant_1.8.3.v201301120609\\bin;D:\\PhoneGap\\java\\bin;D:\\PhoneGap\\java\\jre\\bin;D:\\Program Files\\TortoiseSVN\\bin;C:\\Python27;D:\\wamp\\bin\\mysql\\mysql5.6.17\\bin;'
    'SystemRoot' => 'C:\\Windows'
    'COMSPEC' => 'C:\\Windows\\system32\\cmd.exe'
    'PATHEXT' => '.COM;.EXE;.BAT;.CMD;.VBS;.VBE;.JS;.JSE;.WSF;.WSH;.MSC'
    'WINDIR' => 'C:\\Windows'
    'SERVER_SIGNATURE' => '<address>Apache/2.4.9 (Win32) PHP/5.5.12 Server at yiicms.xiaoming.com Port 80</address>
'
    'SERVER_SOFTWARE' => 'Apache/2.4.9 (Win32) PHP/5.5.12'
    'SERVER_NAME' => 'yiicms.xiaoming.com'
    'SERVER_ADDR' => '127.0.0.1'
    'SERVER_PORT' => '80'
    'REMOTE_ADDR' => '127.0.0.1'
    'DOCUMENT_ROOT' => 'D:/wamp/www/yiicms/web'
    'REQUEST_SCHEME' => 'http'
    'CONTEXT_PREFIX' => ''
    'CONTEXT_DOCUMENT_ROOT' => 'D:/wamp/www/yiicms/web'
    'SERVER_ADMIN' => 'admin@example.com'
    'SCRIPT_FILENAME' => 'D:/wamp/www/yiicms/web/index.php'
    'REMOTE_PORT' => '52176'
    'GATEWAY_INTERFACE' => 'CGI/1.1'
    'SERVER_PROTOCOL' => 'HTTP/1.1'
    'REQUEST_METHOD' => 'POST'
    'QUERY_STRING' => 'r=admin%2Fcategory%2Fedit'
    'REQUEST_URI' => '/index.php?r=admin%2Fcategory%2Fedit'
    'SCRIPT_NAME' => '/index.php'
    'PHP_SELF' => '/index.php'
    'REQUEST_TIME_FLOAT' => 1498810607.139
    'REQUEST_TIME' => 1498810607
]
2017-06-30 10:17:53 [127.0.0.1][-][-][error][yii\base\ErrorException:1] exception 'yii\base\ErrorException' with message 'Call to a member function show111() on a non-object' in D:\wamp\www\yiicms\modules\admin\controllers\CategoryController.php:45
Stack trace:
#0 [internal function]: yii\base\ErrorHandler->handleFatalError()
#1 {main}
2017-06-30 10:17:53 [127.0.0.1][-][-][info][application] $_GET = [
    'r' => 'admin/category/edit'
]

$_POST = [
    '_csrf' => 'cHphSGJKVzcIHi0FVAEcXCc4PgwAGRtiRVcbJwZ6J1w9SVgrFQYYUg=='
    'Category' => [
        'name' => 'Linux'
        'parent_id' => '0'
        'introduction' => ''
    ]
]

$_COOKIE = [
    '_csrf' => '6e1b2dea274c72d46a3b8da68cbfea937fa1f4cba36f8d8f700231c0e5c96e4da:2:{i:0;s:5:\"_csrf\";i:1;s:32:\"xdLM6KKkWB_DbSLU5-zod0pkM39cwLOe\";}'
    'PHPSESSID' => 'gk7l7vvqc37e6qs89hn7jfts75'
]

$_SERVER = [
    'HTTP_HOST' => 'yiicms.xiaoming.com'
    'HTTP_USER_AGENT' => 'Mozilla/5.0 (Windows NT 6.3; WOW64; rv:54.0) Gecko/20100101 Firefox/54.0'
    'HTTP_ACCEPT' => 'text/html,application/xhtml+xml,application/xml;q=0.9,*/*;q=0.8'
    'HTTP_ACCEPT_LANGUAGE' => 'zh-CN,zh;q=0.8,en-US;q=0.5,en;q=0.3'
    'HTTP_ACCEPT_ENCODING' => 'gzip, deflate'
    'CONTENT_TYPE' => 'multipart/form-data; boundary=---------------------------221781486323128'
    'CONTENT_LENGTH' => '534'
    'HTTP_REFERER' => 'http://yiicms.xiaoming.com/index.php?r=admin%2Fcategory%2Fedit&id=5'
    'HTTP_COOKIE' => '_csrf=6e1b2dea274c72d46a3b8da68cbfea937fa1f4cba36f8d8f700231c0e5c96e4da%3A2%3A%7Bi%3A0%3Bs%3A5%3A%22_csrf%22%3Bi%3A1%3Bs%3A32%3A%22xdLM6KKkWB_DbSLU5-zod0pkM39cwLOe%22%3B%7D; PHPSESSID=gk7l7vvqc37e6qs89hn7jfts75'
    'HTTP_CONNECTION' => 'keep-alive'
    'HTTP_UPGRADE_INSECURE_REQUESTS' => '1'
    'PATH' => 'C:\\Windows\\system32;C:\\Windows;C:\\Windows\\System32\\Wbem;C:\\Windows\\System32\\WindowsPowerShell\\v1.0\\;D:\\svnServer\\server\\bin;D:\\PhoneGap\\adt\\sdk\\tools;D:\\PhoneGap\\adt\\sdk\\platform-tools;D:\\PhoneGap\\adt\\eclipse\\plugins\\org.apache.ant_1.8.3.v201301120609\\bin;D:\\PhoneGap\\java\\bin;D:\\PhoneGap\\java\\jre\\bin;D:\\Program Files\\TortoiseSVN\\bin;C:\\Python27;D:\\wamp\\bin\\mysql\\mysql5.6.17\\bin;'
    'SystemRoot' => 'C:\\Windows'
    'COMSPEC' => 'C:\\Windows\\system32\\cmd.exe'
    'PATHEXT' => '.COM;.EXE;.BAT;.CMD;.VBS;.VBE;.JS;.JSE;.WSF;.WSH;.MSC'
    'WINDIR' => 'C:\\Windows'
    'SERVER_SIGNATURE' => '<address>Apache/2.4.9 (Win32) PHP/5.5.12 Server at yiicms.xiaoming.com Port 80</address>
'
    'SERVER_SOFTWARE' => 'Apache/2.4.9 (Win32) PHP/5.5.12'
    'SERVER_NAME' => 'yiicms.xiaoming.com'
    'SERVER_ADDR' => '127.0.0.1'
    'SERVER_PORT' => '80'
    'REMOTE_ADDR' => '127.0.0.1'
    'DOCUMENT_ROOT' => 'D:/wamp/www/yiicms/web'
    'REQUEST_SCHEME' => 'http'
    'CONTEXT_PREFIX' => ''
    'CONTEXT_DOCUMENT_ROOT' => 'D:/wamp/www/yiicms/web'
    'SERVER_ADMIN' => 'admin@example.com'
    'SCRIPT_FILENAME' => 'D:/wamp/www/yiicms/web/index.php'
    'REMOTE_PORT' => '52184'
    'GATEWAY_INTERFACE' => 'CGI/1.1'
    'SERVER_PROTOCOL' => 'HTTP/1.1'
    'REQUEST_METHOD' => 'POST'
    'QUERY_STRING' => 'r=admin%2Fcategory%2Fedit'
    'REQUEST_URI' => '/index.php?r=admin%2Fcategory%2Fedit'
    'SCRIPT_NAME' => '/index.php'
    'PHP_SELF' => '/index.php'
    'REQUEST_TIME_FLOAT' => 1498810673.405
    'REQUEST_TIME' => 1498810673
]
2017-06-30 10:21:44 [127.0.0.1][-][-][error][yii\base\ErrorException:1] exception 'yii\base\ErrorException' with message 'Call to a member function editCategory() on a non-object' in D:\wamp\www\yiicms\modules\admin\controllers\CategoryController.php:45
Stack trace:
#0 [internal function]: yii\base\ErrorHandler->handleFatalError()
#1 {main}
2017-06-30 10:21:43 [127.0.0.1][-][-][info][application] $_GET = [
    'r' => 'admin/category/edit'
]

$_POST = [
    '_csrf' => 'c2VrUzhRTC0LASceDhoHRiQnNBdaAgB4RkgRPFxhPEY.VlIwTx0DSA=='
    'Category' => [
        'name' => 'Linux'
        'parent_id' => '0'
        'introduction' => '11'
    ]
]

$_COOKIE = [
    '_csrf' => '6e1b2dea274c72d46a3b8da68cbfea937fa1f4cba36f8d8f700231c0e5c96e4da:2:{i:0;s:5:\"_csrf\";i:1;s:32:\"xdLM6KKkWB_DbSLU5-zod0pkM39cwLOe\";}'
    'PHPSESSID' => 'gk7l7vvqc37e6qs89hn7jfts75'
]

$_SERVER = [
    'HTTP_HOST' => 'yiicms.xiaoming.com'
    'HTTP_USER_AGENT' => 'Mozilla/5.0 (Windows NT 6.3; WOW64; rv:54.0) Gecko/20100101 Firefox/54.0'
    'HTTP_ACCEPT' => 'text/html,application/xhtml+xml,application/xml;q=0.9,*/*;q=0.8'
    'HTTP_ACCEPT_LANGUAGE' => 'zh-CN,zh;q=0.8,en-US;q=0.5,en;q=0.3'
    'HTTP_ACCEPT_ENCODING' => 'gzip, deflate'
    'CONTENT_TYPE' => 'multipart/form-data; boundary=---------------------------303342175325335'
    'CONTENT_LENGTH' => '536'
    'HTTP_REFERER' => 'http://yiicms.xiaoming.com/index.php?r=admin%2Fcategory%2Fedit&id=5'
    'HTTP_COOKIE' => '_csrf=6e1b2dea274c72d46a3b8da68cbfea937fa1f4cba36f8d8f700231c0e5c96e4da%3A2%3A%7Bi%3A0%3Bs%3A5%3A%22_csrf%22%3Bi%3A1%3Bs%3A32%3A%22xdLM6KKkWB_DbSLU5-zod0pkM39cwLOe%22%3B%7D; PHPSESSID=gk7l7vvqc37e6qs89hn7jfts75'
    'HTTP_CONNECTION' => 'keep-alive'
    'HTTP_UPGRADE_INSECURE_REQUESTS' => '1'
    'PATH' => 'C:\\Windows\\system32;C:\\Windows;C:\\Windows\\System32\\Wbem;C:\\Windows\\System32\\WindowsPowerShell\\v1.0\\;D:\\svnServer\\server\\bin;D:\\PhoneGap\\adt\\sdk\\tools;D:\\PhoneGap\\adt\\sdk\\platform-tools;D:\\PhoneGap\\adt\\eclipse\\plugins\\org.apache.ant_1.8.3.v201301120609\\bin;D:\\PhoneGap\\java\\bin;D:\\PhoneGap\\java\\jre\\bin;D:\\Program Files\\TortoiseSVN\\bin;C:\\Python27;D:\\wamp\\bin\\mysql\\mysql5.6.17\\bin;'
    'SystemRoot' => 'C:\\Windows'
    'COMSPEC' => 'C:\\Windows\\system32\\cmd.exe'
    'PATHEXT' => '.COM;.EXE;.BAT;.CMD;.VBS;.VBE;.JS;.JSE;.WSF;.WSH;.MSC'
    'WINDIR' => 'C:\\Windows'
    'SERVER_SIGNATURE' => '<address>Apache/2.4.9 (Win32) PHP/5.5.12 Server at yiicms.xiaoming.com Port 80</address>
'
    'SERVER_SOFTWARE' => 'Apache/2.4.9 (Win32) PHP/5.5.12'
    'SERVER_NAME' => 'yiicms.xiaoming.com'
    'SERVER_ADDR' => '127.0.0.1'
    'SERVER_PORT' => '80'
    'REMOTE_ADDR' => '127.0.0.1'
    'DOCUMENT_ROOT' => 'D:/wamp/www/yiicms/web'
    'REQUEST_SCHEME' => 'http'
    'CONTEXT_PREFIX' => ''
    'CONTEXT_DOCUMENT_ROOT' => 'D:/wamp/www/yiicms/web'
    'SERVER_ADMIN' => 'admin@example.com'
    'SCRIPT_FILENAME' => 'D:/wamp/www/yiicms/web/index.php'
    'REMOTE_PORT' => '52219'
    'GATEWAY_INTERFACE' => 'CGI/1.1'
    'SERVER_PROTOCOL' => 'HTTP/1.1'
    'REQUEST_METHOD' => 'POST'
    'QUERY_STRING' => 'r=admin%2Fcategory%2Fedit'
    'REQUEST_URI' => '/index.php?r=admin%2Fcategory%2Fedit'
    'SCRIPT_NAME' => '/index.php'
    'PHP_SELF' => '/index.php'
    'REQUEST_TIME_FLOAT' => 1498810903.963
    'REQUEST_TIME' => 1498810903
]
2017-06-30 10:24:03 [127.0.0.1][-][-][error][yii\base\ErrorException:1] exception 'yii\base\ErrorException' with message 'Call to a member function load() on a non-object' in D:\wamp\www\yiicms\modules\admin\controllers\CategoryController.php:45
Stack trace:
#0 [internal function]: yii\base\ErrorHandler->handleFatalError()
#1 {main}
2017-06-30 10:24:03 [127.0.0.1][-][-][info][application] $_GET = [
    'r' => 'admin/category/edit'
]

$_POST = [
    '_csrf' => 'NFZ1OVZlbXhMMjl0YC4mE2MUKn00NiEtAXsPVjJVHRN5ZUxaISkiHQ=='
    'Category' => [
        'name' => 'Linux'
        'parent_id' => '0'
        'introduction' => '1'
    ]
]

$_COOKIE = [
    '_csrf' => '6e1b2dea274c72d46a3b8da68cbfea937fa1f4cba36f8d8f700231c0e5c96e4da:2:{i:0;s:5:\"_csrf\";i:1;s:32:\"xdLM6KKkWB_DbSLU5-zod0pkM39cwLOe\";}'
    'PHPSESSID' => 'gk7l7vvqc37e6qs89hn7jfts75'
]

$_SERVER = [
    'HTTP_HOST' => 'yiicms.xiaoming.com'
    'HTTP_USER_AGENT' => 'Mozilla/5.0 (Windows NT 6.3; WOW64; rv:54.0) Gecko/20100101 Firefox/54.0'
    'HTTP_ACCEPT' => 'text/html,application/xhtml+xml,application/xml;q=0.9,*/*;q=0.8'
    'HTTP_ACCEPT_LANGUAGE' => 'zh-CN,zh;q=0.8,en-US;q=0.5,en;q=0.3'
    'HTTP_ACCEPT_ENCODING' => 'gzip, deflate'
    'CONTENT_TYPE' => 'multipart/form-data; boundary=---------------------------1385363938302'
    'CONTENT_LENGTH' => '525'
    'HTTP_REFERER' => 'http://yiicms.xiaoming.com/index.php?r=admin%2Fcategory%2Fedit&id=5'
    'HTTP_COOKIE' => '_csrf=6e1b2dea274c72d46a3b8da68cbfea937fa1f4cba36f8d8f700231c0e5c96e4da%3A2%3A%7Bi%3A0%3Bs%3A5%3A%22_csrf%22%3Bi%3A1%3Bs%3A32%3A%22xdLM6KKkWB_DbSLU5-zod0pkM39cwLOe%22%3B%7D; PHPSESSID=gk7l7vvqc37e6qs89hn7jfts75'
    'HTTP_CONNECTION' => 'keep-alive'
    'HTTP_UPGRADE_INSECURE_REQUESTS' => '1'
    'PATH' => 'C:\\Windows\\system32;C:\\Windows;C:\\Windows\\System32\\Wbem;C:\\Windows\\System32\\WindowsPowerShell\\v1.0\\;D:\\svnServer\\server\\bin;D:\\PhoneGap\\adt\\sdk\\tools;D:\\PhoneGap\\adt\\sdk\\platform-tools;D:\\PhoneGap\\adt\\eclipse\\plugins\\org.apache.ant_1.8.3.v201301120609\\bin;D:\\PhoneGap\\java\\bin;D:\\PhoneGap\\java\\jre\\bin;D:\\Program Files\\TortoiseSVN\\bin;C:\\Python27;D:\\wamp\\bin\\mysql\\mysql5.6.17\\bin;'
    'SystemRoot' => 'C:\\Windows'
    'COMSPEC' => 'C:\\Windows\\system32\\cmd.exe'
    'PATHEXT' => '.COM;.EXE;.BAT;.CMD;.VBS;.VBE;.JS;.JSE;.WSF;.WSH;.MSC'
    'WINDIR' => 'C:\\Windows'
    'SERVER_SIGNATURE' => '<address>Apache/2.4.9 (Win32) PHP/5.5.12 Server at yiicms.xiaoming.com Port 80</address>
'
    'SERVER_SOFTWARE' => 'Apache/2.4.9 (Win32) PHP/5.5.12'
    'SERVER_NAME' => 'yiicms.xiaoming.com'
    'SERVER_ADDR' => '127.0.0.1'
    'SERVER_PORT' => '80'
    'REMOTE_ADDR' => '127.0.0.1'
    'DOCUMENT_ROOT' => 'D:/wamp/www/yiicms/web'
    'REQUEST_SCHEME' => 'http'
    'CONTEXT_PREFIX' => ''
    'CONTEXT_DOCUMENT_ROOT' => 'D:/wamp/www/yiicms/web'
    'SERVER_ADMIN' => 'admin@example.com'
    'SCRIPT_FILENAME' => 'D:/wamp/www/yiicms/web/index.php'
    'REMOTE_PORT' => '52248'
    'GATEWAY_INTERFACE' => 'CGI/1.1'
    'SERVER_PROTOCOL' => 'HTTP/1.1'
    'REQUEST_METHOD' => 'POST'
    'QUERY_STRING' => 'r=admin%2Fcategory%2Fedit'
    'REQUEST_URI' => '/index.php?r=admin%2Fcategory%2Fedit'
    'SCRIPT_NAME' => '/index.php'
    'PHP_SELF' => '/index.php'
    'REQUEST_TIME_FLOAT' => 1498811043.759
    'REQUEST_TIME' => 1498811043
]
2017-06-30 10:36:20 [127.0.0.1][-][-][error][yii\base\ErrorException:1] exception 'yii\base\ErrorException' with message 'Call to a member function editCategory() on a non-object' in D:\wamp\www\yiicms\modules\admin\controllers\CategoryController.php:45
Stack trace:
#0 [internal function]: yii\base\ErrorHandler->handleFatalError()
#1 {main}
2017-06-30 10:36:19 [127.0.0.1][-][-][info][application] $_GET = [
    'r' => 'admin/category/edit'
]

$_POST = [
    '_csrf' => 'cFNFREkzYWsINwkJf3gqACcRGgArYC0.RX4/Ky0DEQA9YHwnPn8uDg=='
    'Category' => [
        'name' => 'Linux'
        'parent_id' => '1'
        'introduction' => ''
    ]
]

$_COOKIE = [
    '_csrf' => '6e1b2dea274c72d46a3b8da68cbfea937fa1f4cba36f8d8f700231c0e5c96e4da:2:{i:0;s:5:\"_csrf\";i:1;s:32:\"xdLM6KKkWB_DbSLU5-zod0pkM39cwLOe\";}'
    'PHPSESSID' => 'gk7l7vvqc37e6qs89hn7jfts75'
]

$_SERVER = [
    'HTTP_HOST' => 'yiicms.xiaoming.com'
    'HTTP_USER_AGENT' => 'Mozilla/5.0 (Windows NT 6.3; WOW64; rv:54.0) Gecko/20100101 Firefox/54.0'
    'HTTP_ACCEPT' => 'text/html,application/xhtml+xml,application/xml;q=0.9,*/*;q=0.8'
    'HTTP_ACCEPT_LANGUAGE' => 'zh-CN,zh;q=0.8,en-US;q=0.5,en;q=0.3'
    'HTTP_ACCEPT_ENCODING' => 'gzip, deflate'
    'CONTENT_TYPE' => 'multipart/form-data; boundary=---------------------------7481127021574'
    'CONTENT_LENGTH' => '524'
    'HTTP_REFERER' => 'http://yiicms.xiaoming.com/index.php?r=admin%2Fcategory%2Fedit&id=5'
    'HTTP_COOKIE' => '_csrf=6e1b2dea274c72d46a3b8da68cbfea937fa1f4cba36f8d8f700231c0e5c96e4da%3A2%3A%7Bi%3A0%3Bs%3A5%3A%22_csrf%22%3Bi%3A1%3Bs%3A32%3A%22xdLM6KKkWB_DbSLU5-zod0pkM39cwLOe%22%3B%7D; PHPSESSID=gk7l7vvqc37e6qs89hn7jfts75'
    'HTTP_CONNECTION' => 'keep-alive'
    'HTTP_UPGRADE_INSECURE_REQUESTS' => '1'
    'PATH' => 'C:\\Windows\\system32;C:\\Windows;C:\\Windows\\System32\\Wbem;C:\\Windows\\System32\\WindowsPowerShell\\v1.0\\;D:\\svnServer\\server\\bin;D:\\PhoneGap\\adt\\sdk\\tools;D:\\PhoneGap\\adt\\sdk\\platform-tools;D:\\PhoneGap\\adt\\eclipse\\plugins\\org.apache.ant_1.8.3.v201301120609\\bin;D:\\PhoneGap\\java\\bin;D:\\PhoneGap\\java\\jre\\bin;D:\\Program Files\\TortoiseSVN\\bin;C:\\Python27;D:\\wamp\\bin\\mysql\\mysql5.6.17\\bin;'
    'SystemRoot' => 'C:\\Windows'
    'COMSPEC' => 'C:\\Windows\\system32\\cmd.exe'
    'PATHEXT' => '.COM;.EXE;.BAT;.CMD;.VBS;.VBE;.JS;.JSE;.WSF;.WSH;.MSC'
    'WINDIR' => 'C:\\Windows'
    'SERVER_SIGNATURE' => '<address>Apache/2.4.9 (Win32) PHP/5.5.12 Server at yiicms.xiaoming.com Port 80</address>
'
    'SERVER_SOFTWARE' => 'Apache/2.4.9 (Win32) PHP/5.5.12'
    'SERVER_NAME' => 'yiicms.xiaoming.com'
    'SERVER_ADDR' => '127.0.0.1'
    'SERVER_PORT' => '80'
    'REMOTE_ADDR' => '127.0.0.1'
    'DOCUMENT_ROOT' => 'D:/wamp/www/yiicms/web'
    'REQUEST_SCHEME' => 'http'
    'CONTEXT_PREFIX' => ''
    'CONTEXT_DOCUMENT_ROOT' => 'D:/wamp/www/yiicms/web'
    'SERVER_ADMIN' => 'admin@example.com'
    'SCRIPT_FILENAME' => 'D:/wamp/www/yiicms/web/index.php'
    'REMOTE_PORT' => '52381'
    'GATEWAY_INTERFACE' => 'CGI/1.1'
    'SERVER_PROTOCOL' => 'HTTP/1.1'
    'REQUEST_METHOD' => 'POST'
    'QUERY_STRING' => 'r=admin%2Fcategory%2Fedit'
    'REQUEST_URI' => '/index.php?r=admin%2Fcategory%2Fedit'
    'SCRIPT_NAME' => '/index.php'
    'PHP_SELF' => '/index.php'
    'REQUEST_TIME_FLOAT' => 1498811779.981
    'REQUEST_TIME' => 1498811779
]
